<?xml version="1.0" encoding="UTF-8"?>
<testsuite xmlns:xsi="http://www.w3.org/2001/XMLSchema-instance" xsi:noNamespaceSchemaLocation="https://maven.apache.org/surefire/maven-surefire-plugin/xsd/surefire-test-report-3.0.xsd" version="3.0" name="ru.spbu.apcyb.svp.tasks.Task1Test" time="0.105" tests="5" errors="0" skipped="0" failures="0">
  <properties>
[...]
</properties>
  <testcase name="getCombinationsTest" classname="ru.spbu.apcyb.svp.tasks.Task1Test" time="0.071"/>
  <testcase name="parseStringTest3" classname="ru.spbu.apcyb.svp.tasks.Task1Test" time="0.004"/>
  <testcase name="getNumsOfCombinationTest" classname="ru.spbu.apcyb.svp.tasks.Task1Test" time="0.002"/>
  <testcase name="parsestringTest" classname="ru.spbu.apcyb.svp.tasks.Task1Test" time="0.001"/>
  <testcase name="parsestringTest2" classname="ru.spbu.apcyb.svp.tasks.Task1Test" time="0.002"/>
</testsuite>